
Showing logs for build [32mcb-kubecd-environment-pr-239-7-5w6t8-1[0m stage [32mfrom-build-pack[0m and container [32mstep-credential-initializer-74j56[0m
{"level":"info","ts":1592583406.969788,"logger":"fallback-logger","caller":"logging/config.go:69","msg":"Fetch GitHub commit ID from kodata failed: open /var/run/ko/refs/heads/0.8.0-ns-support: no such file or directory"}
{"level":"info","ts":1592583406.9702106,"logger":"fallback-logger","caller":"creds-init/main.go:40","msg":"Credentials initialized."}

Showing logs for build [32mcb-kubecd-environment-pr-239-7-5w6t8-1[0m stage [32mfrom-build-pack[0m and container [32mstep-working-dir-initializer-lzqd2[0m
{"level":"info","ts":1592583408.2215703,"logger":"fallback-logger","caller":"logging/config.go:69","msg":"Fetch GitHub commit ID from kodata failed: open /var/run/ko/HEAD: no such file or directory"}
{"level":"info","ts":1592583408.2223122,"logger":"fallback-logger","caller":"bash/main.go:64","msg":"Successfully executed command \"sh -c mkdir -p /workspace/source\"; output "}

Showing logs for build [32mcb-kubecd-environment-pr-239-7-5w6t8-1[0m stage [32mfrom-build-pack[0m and container [32mstep-place-tools[0m

Showing logs for build [32mcb-kubecd-environment-pr-239-7-5w6t8-1[0m stage [32mfrom-build-pack[0m and container [32mstep-git-source-cb-kubecd-environment-pr-239-7-5w6t8-29gf4[0m
{"level":"info","ts":1592583411.2871032,"logger":"fallback-logger","caller":"logging/config.go:69","msg":"Fetch GitHub commit ID from kodata failed: open /var/run/ko/refs/heads/0.8.0-ns-support: no such file or directory"}
{"level":"info","ts":1592583411.490867,"logger":"fallback-logger","caller":"git/git.go:103","msg":"Successfully cloned https://github.com/cb-kubecd/environment-pr-239-7-boot-eks-staging.git @ master in path /workspace/source"}

Showing logs for build [32mcb-kubecd-environment-pr-239-7-5w6t8-1[0m stage [32mfrom-build-pack[0m and container [32mstep-git-merge[0m
Using SHAs from PULL_REFS=master:d2a3c692a59d9b6b0417ecb1e384970904c65607,1:4b5a210b48f129cff8ae9dec3499fb1b194fac47
DEBUG: JX_LOG_LEVEL=error LC_ALL=C git fetch origin --unshallow 4b5a210b48f129cff8ae9dec3499fb1b194fac47: d2a3c692a59d9b6b0417ecb1e384970904c65607:
DEBUG: ran git fetch --unshallow origin 4b5a210b48f129cff8ae9dec3499fb1b194fac47: d2a3c692a59d9b6b0417ecb1e384970904c65607: in 
DEBUG: JX_LOG_LEVEL=error LC_ALL=C git branch
DEBUG: LC_ALL=C JX_LOG_LEVEL=error git checkout master
DEBUG: ran git checkout master in 
DEBUG: LC_ALL=C JX_LOG_LEVEL=error git reset --hard d2a3c692a59d9b6b0417ecb1e384970904c65607
DEBUG: ran git reset --hard d2a3c692a59d9b6b0417ecb1e384970904c65607 in 
DEBUG: LC_ALL=C JX_LOG_LEVEL=error git clean -fd .
DEBUG: ran clean --force -d . in 
DEBUG: LC_ALL=C JX_LOG_LEVEL=error git merge 4b5a210b48f129cff8ae9dec3499fb1b194fac47
DEBUG: ran git merge 4b5a210b48f129cff8ae9dec3499fb1b194fac47 in 
DEBUG: LC_ALL=C JX_LOG_LEVEL=error git log --format=%H%x1f%an%x1f%ae%x1f%cn%x1f%ce%x1f%s%n%b%x1e d2a3c692a59d9b6b0417ecb1e384970904c65607..HEAD
Merged SHA 4b5a210b48f129cff8ae9dec3499fb1b194fac47 with commit message 'chore: Promote bdd-spring-1592582947 to version 0.0.1' into base branch master

Showing logs for build [32mcb-kubecd-environment-pr-239-7-5w6t8-1[0m stage [32mfrom-build-pack[0m and container [32mstep-build-helm-build[0m
WARNING: No $CHART_REPOSITORY defined so using the default value of: http://jenkins-x-chartmuseum:8080
Adding missing Helm repo: storage.googleapis.com https://storage.googleapis.com/chartmuseum.jenkins-x.io
WARNING: No secrets found on "helm/repos" due: reading the secret "helm/repos" from vault: no secret "helm/repos" not found in vault
Read credentials for https://storage.googleapis.com/chartmuseum.jenkins-x.io from vault helm/repos
Successfully added Helm repository storage.googleapis.com.
Adding missing Helm repo: jenkins-x-chartmuseum http://jenkins-x-chartmuseum:8080
WARNING: No secrets found on "helm/repos" due: reading the secret "helm/repos" from vault: no secret "helm/repos" not found in vault
Read credentials for http://jenkins-x-chartmuseum:8080 from vault helm/repos
Successfully added Helm repository jenkins-x-chartmuseum.
WARNING: No $CHART_REPOSITORY defined so using the default value of: http://jenkins-x-chartmuseum:8080
Adding missing Helm repo: chartmuseum.jenkins-x.io http://chartmuseum.jenkins-x.io
WARNING: No secrets found on "helm/repos" due: reading the secret "helm/repos" from vault: no secret "helm/repos" not found in vault
Read credentials for http://chartmuseum.jenkins-x.io from vault helm/repos
Successfully added Helm repository chartmuseum.jenkins-x.io.
