
Showing logs for build [32mcb-kubecd-environment-pr-239-7-mq42w-1[0m stage [32mfrom-build-pack[0m and container [32mstep-credential-initializer-5ssxn[0m
{"level":"info","ts":1592589117.276084,"logger":"fallback-logger","caller":"logging/config.go:69","msg":"Fetch GitHub commit ID from kodata failed: open /var/run/ko/refs/heads/0.8.0-ns-support: no such file or directory"}
{"level":"info","ts":1592589117.2763815,"logger":"fallback-logger","caller":"creds-init/main.go:40","msg":"Credentials initialized."}

Showing logs for build [32mcb-kubecd-environment-pr-239-7-mq42w-1[0m stage [32mfrom-build-pack[0m and container [32mstep-working-dir-initializer-57tl4[0m
{"level":"info","ts":1592589118.259113,"logger":"fallback-logger","caller":"logging/config.go:69","msg":"Fetch GitHub commit ID from kodata failed: open /var/run/ko/HEAD: no such file or directory"}
{"level":"info","ts":1592589118.259873,"logger":"fallback-logger","caller":"bash/main.go:64","msg":"Successfully executed command \"sh -c mkdir -p /workspace/source\"; output "}

Showing logs for build [32mcb-kubecd-environment-pr-239-7-mq42w-1[0m stage [32mfrom-build-pack[0m and container [32mstep-place-tools[0m

Showing logs for build [32mcb-kubecd-environment-pr-239-7-mq42w-1[0m stage [32mfrom-build-pack[0m and container [32mstep-git-source-cb-kubecd-environment-pr-239-7-mq42w-h47ff[0m
{"level":"info","ts":1592589123.4217775,"logger":"fallback-logger","caller":"logging/config.go:69","msg":"Fetch GitHub commit ID from kodata failed: open /var/run/ko/refs/heads/0.8.0-ns-support: no such file or directory"}
{"level":"info","ts":1592589123.7765303,"logger":"fallback-logger","caller":"git/git.go:103","msg":"Successfully cloned https://github.com/cb-kubecd/environment-pr-239-7-boot-eks-staging.git @ master in path /workspace/source"}

Showing logs for build [32mcb-kubecd-environment-pr-239-7-mq42w-1[0m stage [32mfrom-build-pack[0m and container [32mstep-git-merge[0m
Using SHAs from PULL_REFS=master:2cd9f42ba27a224fbee3a01b483094b69bf54a25,3:25306ddcbfb9b12a5843904d46babab3889d91b4
DEBUG: LC_ALL=C JX_LOG_LEVEL=error git fetch origin --unshallow 25306ddcbfb9b12a5843904d46babab3889d91b4: 2cd9f42ba27a224fbee3a01b483094b69bf54a25:
DEBUG: ran git fetch --unshallow origin 25306ddcbfb9b12a5843904d46babab3889d91b4: 2cd9f42ba27a224fbee3a01b483094b69bf54a25: in 
DEBUG: LC_ALL=C JX_LOG_LEVEL=error git branch
DEBUG: LC_ALL=C JX_LOG_LEVEL=error git checkout master
DEBUG: ran git checkout master in 
DEBUG: LC_ALL=C JX_LOG_LEVEL=error git reset --hard 2cd9f42ba27a224fbee3a01b483094b69bf54a25
DEBUG: ran git reset --hard 2cd9f42ba27a224fbee3a01b483094b69bf54a25 in 
DEBUG: LC_ALL=C JX_LOG_LEVEL=error git clean -fd .
DEBUG: ran clean --force -d . in 
DEBUG: LC_ALL=C JX_LOG_LEVEL=error git merge 25306ddcbfb9b12a5843904d46babab3889d91b4
DEBUG: ran git merge 25306ddcbfb9b12a5843904d46babab3889d91b4 in 
DEBUG: LC_ALL=C JX_LOG_LEVEL=error git log --format=%H%x1f%an%x1f%ae%x1f%cn%x1f%ce%x1f%s%n%b%x1e 2cd9f42ba27a224fbee3a01b483094b69bf54a25..HEAD
Merged SHA 25306ddcbfb9b12a5843904d46babab3889d91b4 with commit message 'chore: Promote bdd-gh-1592584862 to version 0.0.1' into base branch master

Showing logs for build [32mcb-kubecd-environment-pr-239-7-mq42w-1[0m stage [32mfrom-build-pack[0m and container [32mstep-build-helm-build[0m
WARNING: No $CHART_REPOSITORY defined so using the default value of: http://jenkins-x-chartmuseum:8080
Adding missing Helm repo: storage.googleapis.com https://storage.googleapis.com/chartmuseum.jenkins-x.io
WARNING: No secrets found on "helm/repos" due: reading the secret "helm/repos" from vault: no secret "helm/repos" not found in vault
Read credentials for https://storage.googleapis.com/chartmuseum.jenkins-x.io from vault helm/repos
Successfully added Helm repository storage.googleapis.com.
Adding missing Helm repo: jenkins-x-chartmuseum http://jenkins-x-chartmuseum:8080
WARNING: No secrets found on "helm/repos" due: reading the secret "helm/repos" from vault: no secret "helm/repos" not found in vault
Read credentials for http://jenkins-x-chartmuseum:8080 from vault helm/repos
Successfully added Helm repository jenkins-x-chartmuseum.
WARNING: No $CHART_REPOSITORY defined so using the default value of: http://jenkins-x-chartmuseum:8080
Adding missing Helm repo: chartmuseum.jenkins-x.io http://chartmuseum.jenkins-x.io
WARNING: No secrets found on "helm/repos" due: reading the secret "helm/repos" from vault: no secret "helm/repos" not found in vault
Read credentials for http://chartmuseum.jenkins-x.io from vault helm/repos
Successfully added Helm repository chartmuseum.jenkins-x.io.
