
Showing logs for build [32mcb-kubecd-environment-pr-239-7-bghvr-1[0m stage [32mfrom-build-pack[0m and container [32mstep-credential-initializer-bbxhc[0m
{"level":"info","ts":1592585755.4248583,"logger":"fallback-logger","caller":"logging/config.go:69","msg":"Fetch GitHub commit ID from kodata failed: open /var/run/ko/refs/heads/0.8.0-ns-support: no such file or directory"}
{"level":"info","ts":1592585755.4251683,"logger":"fallback-logger","caller":"creds-init/main.go:40","msg":"Credentials initialized."}

Showing logs for build [32mcb-kubecd-environment-pr-239-7-bghvr-1[0m stage [32mfrom-build-pack[0m and container [32mstep-working-dir-initializer-4pb4t[0m
{"level":"info","ts":1592585756.4036932,"logger":"fallback-logger","caller":"logging/config.go:69","msg":"Fetch GitHub commit ID from kodata failed: open /var/run/ko/HEAD: no such file or directory"}
{"level":"info","ts":1592585756.4046066,"logger":"fallback-logger","caller":"bash/main.go:64","msg":"Successfully executed command \"sh -c mkdir -p /workspace/source\"; output "}

Showing logs for build [32mcb-kubecd-environment-pr-239-7-bghvr-1[0m stage [32mfrom-build-pack[0m and container [32mstep-place-tools[0m

Showing logs for build [32mcb-kubecd-environment-pr-239-7-bghvr-1[0m stage [32mfrom-build-pack[0m and container [32mstep-git-source-cb-kubecd-environment-pr-239-7-bghvr-kmnk2[0m
{"level":"info","ts":1592585759.513929,"logger":"fallback-logger","caller":"logging/config.go:69","msg":"Fetch GitHub commit ID from kodata failed: open /var/run/ko/refs/heads/0.8.0-ns-support: no such file or directory"}
{"level":"info","ts":1592585759.7142582,"logger":"fallback-logger","caller":"git/git.go:103","msg":"Successfully cloned https://github.com/cb-kubecd/environment-pr-239-7-boot-eks-staging.git @ master in path /workspace/source"}

Showing logs for build [32mcb-kubecd-environment-pr-239-7-bghvr-1[0m stage [32mfrom-build-pack[0m and container [32mstep-git-merge[0m
Using SHAs from PULL_REFS=master:6b2e80a2da92610fa579aa8d1da99e18394efb7c,2:699482a0d4d35e8cc5d36d77fa847ad5bcb656de
DEBUG: LC_ALL=C JX_LOG_LEVEL=error git fetch origin --unshallow 699482a0d4d35e8cc5d36d77fa847ad5bcb656de: 6b2e80a2da92610fa579aa8d1da99e18394efb7c:
DEBUG: ran git fetch --unshallow origin 699482a0d4d35e8cc5d36d77fa847ad5bcb656de: 6b2e80a2da92610fa579aa8d1da99e18394efb7c: in 
DEBUG: JX_LOG_LEVEL=error LC_ALL=C git branch
DEBUG: LC_ALL=C JX_LOG_LEVEL=error git checkout master
DEBUG: ran git checkout master in 
DEBUG: LC_ALL=C JX_LOG_LEVEL=error git reset --hard 6b2e80a2da92610fa579aa8d1da99e18394efb7c
DEBUG: ran git reset --hard 6b2e80a2da92610fa579aa8d1da99e18394efb7c in 
DEBUG: LC_ALL=C JX_LOG_LEVEL=error git clean -fd .
DEBUG: ran clean --force -d . in 
DEBUG: LC_ALL=C JX_LOG_LEVEL=error git merge 699482a0d4d35e8cc5d36d77fa847ad5bcb656de
DEBUG: ran git merge 699482a0d4d35e8cc5d36d77fa847ad5bcb656de in 
DEBUG: LC_ALL=C JX_LOG_LEVEL=error git log --format=%H%x1f%an%x1f%ae%x1f%cn%x1f%ce%x1f%s%n%b%x1e 6b2e80a2da92610fa579aa8d1da99e18394efb7c..HEAD
Merged SHA 699482a0d4d35e8cc5d36d77fa847ad5bcb656de with commit message 'chore: Promote bdd-sbhg-1592584862 to version 0.0.1' into base branch master

Showing logs for build [32mcb-kubecd-environment-pr-239-7-bghvr-1[0m stage [32mfrom-build-pack[0m and container [32mstep-build-helm-build[0m
WARNING: No $CHART_REPOSITORY defined so using the default value of: http://jenkins-x-chartmuseum:8080
Adding missing Helm repo: storage.googleapis.com https://storage.googleapis.com/chartmuseum.jenkins-x.io
WARNING: No secrets found on "helm/repos" due: reading the secret "helm/repos" from vault: no secret "helm/repos" not found in vault
Read credentials for https://storage.googleapis.com/chartmuseum.jenkins-x.io from vault helm/repos
Successfully added Helm repository storage.googleapis.com.
Adding missing Helm repo: jenkins-x-chartmuseum http://jenkins-x-chartmuseum:8080
WARNING: No secrets found on "helm/repos" due: reading the secret "helm/repos" from vault: no secret "helm/repos" not found in vault
Read credentials for http://jenkins-x-chartmuseum:8080 from vault helm/repos
Successfully added Helm repository jenkins-x-chartmuseum.
WARNING: No $CHART_REPOSITORY defined so using the default value of: http://jenkins-x-chartmuseum:8080
Adding missing Helm repo: chartmuseum.jenkins-x.io http://chartmuseum.jenkins-x.io
WARNING: No secrets found on "helm/repos" due: reading the secret "helm/repos" from vault: no secret "helm/repos" not found in vault
Read credentials for http://chartmuseum.jenkins-x.io from vault helm/repos
Successfully added Helm repository chartmuseum.jenkins-x.io.
